android/build_alt/app/intermediates/manifest_merge_blame_file/debug/processDebugMainManifest/manifest-merger-blame-debug-report.txt
1<?xml version="1.0" encoding="utf-8"?>
2<manifest xmlns:android="http://schemas.android.com/apk/res/android"
3    package="com.juanesj2.lovewidget"
4    android:versionCode="1"
5    android:versionName="1.0" >
6
7    <uses-sdk
8        android:minSdkVersion="24"
9        android:targetSdkVersion="36" />
10
11    <!-- Permissions -->
12    <uses-permission android:name="android.permission.INTERNET" />
12-->src\main\AndroidManifest.xml:75:5-67
12-->src\main\AndroidManifest.xml:75:22-64
13    <uses-permission android:name="android.permission.ACCESS_COARSE_LOCATION" />
13-->src\main\AndroidManifest.xml:76:5-81
13-->src\main\AndroidManifest.xml:76:22-78
14    <uses-permission android:name="android.permission.ACCESS_FINE_LOCATION" />
14-->src\main\AndroidManifest.xml:77:5-79
14-->src\main\AndroidManifest.xml:77:22-76
15    <uses-permission android:name="android.permission.ACCESS_BACKGROUND_LOCATION" />
15-->src\main\AndroidManifest.xml:78:5-85
15-->src\main\AndroidManifest.xml:78:22-82
16    <uses-permission android:name="android.permission.FOREGROUND_SERVICE" />
16-->src\main\AndroidManifest.xml:79:5-77
16-->src\main\AndroidManifest.xml:79:22-74
17    <uses-permission android:name="android.permission.FOREGROUND_SERVICE_LOCATION" />
17-->src\main\AndroidManifest.xml:80:5-86
17-->src\main\AndroidManifest.xml:80:22-83
18    <uses-permission android:name="android.permission.POST_NOTIFICATIONS" />
18-->src\main\AndroidManifest.xml:81:5-77
18-->src\main\AndroidManifest.xml:81:22-74
19
20    <!-- Camera & Storage Permissions -->
21    <uses-permission android:name="android.permission.CAMERA" />
21-->src\main\AndroidManifest.xml:84:5-65
21-->src\main\AndroidManifest.xml:84:22-62
22    <uses-permission android:name="android.permission.READ_EXTERNAL_STORAGE" />
22-->src\main\AndroidManifest.xml:85:5-80
22-->src\main\AndroidManifest.xml:85:22-77
23    <uses-permission android:name="android.permission.WRITE_EXTERNAL_STORAGE" />
23-->src\main\AndroidManifest.xml:86:5-81
23-->src\main\AndroidManifest.xml:86:22-78
24    <uses-permission android:name="android.permission.READ_MEDIA_IMAGES" />
24-->src\main\AndroidManifest.xml:87:5-76
24-->src\main\AndroidManifest.xml:87:22-73
25
26    <uses-feature
26-->src\main\AndroidManifest.xml:88:5-85
27        android:name="android.hardware.camera"
27-->src\main\AndroidManifest.xml:88:19-57
28        android:required="false" />
28-->src\main\AndroidManifest.xml:88:58-82
29    <uses-feature android:name="android.hardware.location.gps" />
29-->[:capacitor-community-background-geolocation] AndroidManifest.xml:21:5-66
29-->[:capacitor-community-background-geolocation] AndroidManifest.xml:21:19-63
30
31    <queries>
31-->[:capacitor-browser] AndroidManifest.xml:7:5-11:15
32        <intent>
32-->[:capacitor-browser] AndroidManifest.xml:8:9-10:18
33            <action android:name="android.support.customtabs.action.CustomTabsService" />
33-->[:capacitor-browser] AndroidManifest.xml:9:13-90
33-->[:capacitor-browser] AndroidManifest.xml:9:21-87
34        </intent>
35        <intent>
35-->[:capacitor-camera] AndroidManifest.xml:8:9-10:18
36            <action android:name="android.media.action.IMAGE_CAPTURE" />
36-->[:capacitor-camera] AndroidManifest.xml:9:13-73
36-->[:capacitor-camera] AndroidManifest.xml:9:21-70
37        </intent>
38        <intent>
38-->[:capacitor-camera] AndroidManifest.xml:11:9-13:18
39            <action android:name="android.intent.action.GET_CONTENT" />
39-->[:capacitor-camera] AndroidManifest.xml:12:13-72
39-->[:capacitor-camera] AndroidManifest.xml:12:21-69
40        </intent>
41        <intent>
41-->[:capacitor-camera] AndroidManifest.xml:14:9-16:18
42            <action android:name="android.intent.action.PICK" />
42-->[:capacitor-camera] AndroidManifest.xml:15:13-65
42-->[:capacitor-camera] AndroidManifest.xml:15:21-62
43        </intent>
44        <intent>
44-->[com.android.billingclient:billing:8.3.0] AndroidManifest.xml:13:9-15:18
45            <action android:name="com.android.vending.billing.InAppBillingService.BIND" />
45-->[com.android.billingclient:billing:8.3.0] AndroidManifest.xml:14:13-91
45-->[com.android.billingclient:billing:8.3.0] AndroidManifest.xml:14:21-88
46        </intent>
47        <intent>
47-->[com.android.billingclient:billing:8.3.0] AndroidManifest.xml:16:9-18:18
48            <action android:name="com.google.android.apps.play.billingtestcompanion.BillingOverrideService.BIND" />
48-->[com.android.billingclient:billing:8.3.0] AndroidManifest.xml:17:13-116
48-->[com.android.billingclient:billing:8.3.0] AndroidManifest.xml:17:21-113
49        </intent>
50    </queries>
51
52    <uses-permission android:name="android.permission.VIBRATE" />
52-->[:capacitor-haptics] AndroidManifest.xml:7:5-66
52-->[:capacitor-haptics] AndroidManifest.xml:7:22-63
53    <uses-permission android:name="android.permission.RECEIVE_BOOT_COMPLETED" />
53-->[:capacitor-local-notifications] AndroidManifest.xml:7:5-81
53-->[:capacitor-local-notifications] AndroidManifest.xml:7:22-78
54    <uses-permission android:name="android.permission.WAKE_LOCK" />
54-->[:capacitor-local-notifications] AndroidManifest.xml:8:5-68
54-->[:capacitor-local-notifications] AndroidManifest.xml:8:22-65
55    <uses-permission android:name="android.permission.USE_BIOMETRIC" /> <!-- suppress DeprecatedClassUsageInspection -->
55-->[androidx.biometric:biometric:1.1.0] AndroidManifest.xml:24:5-72
55-->[androidx.biometric:biometric:1.1.0] AndroidManifest.xml:24:22-69
56    <uses-permission android:name="android.permission.USE_FINGERPRINT" />
56-->[androidx.biometric:biometric:1.1.0] AndroidManifest.xml:27:5-74
56-->[androidx.biometric:biometric:1.1.0] AndroidManifest.xml:27:22-71
57    <uses-permission android:name="android.permission.ACCESS_NETWORK_STATE" />
57-->[androidx.work:work-runtime:2.9.0] AndroidManifest.xml:24:5-79
57-->[androidx.work:work-runtime:2.9.0] AndroidManifest.xml:24:22-76
58    <uses-permission android:name="com.android.vending.BILLING" /> <!-- Required by older versions of Google Play services to create IID tokens -->
58-->[com.android.billingclient:billing:8.3.0] AndroidManifest.xml:10:5-67
58-->[com.android.billingclient:billing:8.3.0] AndroidManifest.xml:10:22-64
59    <uses-permission android:name="com.google.android.c2dm.permission.RECEIVE" />
59-->[com.google.firebase:firebase-messaging:25.0.1] AndroidManifest.xml:26:5-82
59-->[com.google.firebase:firebase-messaging:25.0.1] AndroidManifest.xml:26:22-79
60
61    <permission
61-->[androidx.core:core:1.17.0] AndroidManifest.xml:22:5-24:47
62        android:name="com.juanesj2.lovewidget.DYNAMIC_RECEIVER_NOT_EXPORTED_PERMISSION"
62-->[androidx.core:core:1.17.0] AndroidManifest.xml:23:9-81
63        android:protectionLevel="signature" />
63-->[androidx.core:core:1.17.0] AndroidManifest.xml:24:9-44
64
65    <uses-permission android:name="com.juanesj2.lovewidget.DYNAMIC_RECEIVER_NOT_EXPORTED_PERMISSION" />
65-->[androidx.core:core:1.17.0] AndroidManifest.xml:26:5-97
65-->[androidx.core:core:1.17.0] AndroidManifest.xml:26:22-94
66
67    <application
67-->src\main\AndroidManifest.xml:3:5-72:19
68        android:allowBackup="true"
68-->src\main\AndroidManifest.xml:4:9-35
69        android:appComponentFactory="androidx.core.app.CoreComponentFactory"
69-->[androidx.core:core:1.17.0] AndroidManifest.xml:28:18-86
70        android:debuggable="true"
71        android:extractNativeLibs="false"
72        android:icon="@mipmap/ic_launcher"
72-->src\main\AndroidManifest.xml:5:9-43
73        android:label="@string/app_name"
73-->src\main\AndroidManifest.xml:6:9-41
74        android:requestLegacyExternalStorage="true"
74-->[io.ionic.libs:ioncamera-android:1.0.1] AndroidManifest.xml:8:18-61
75        android:roundIcon="@mipmap/ic_launcher_round"
75-->src\main\AndroidManifest.xml:7:9-54
76        android:supportsRtl="true"
76-->src\main\AndroidManifest.xml:8:9-35
77        android:theme="@style/AppTheme" >
77-->src\main\AndroidManifest.xml:9:9-40
78        <activity
78-->src\main\AndroidManifest.xml:10:9-21:20
79            android:name="com.juanesj2.lovewidget.MainActivity"
79-->src\main\AndroidManifest.xml:12:13-41
80            android:configChanges="orientation|keyboardHidden|keyboard|screenSize|locale|smallestScreenSize|screenLayout|uiMode|navigation|density"
80-->src\main\AndroidManifest.xml:11:13-148
81            android:exported="true"
81-->src\main\AndroidManifest.xml:16:13-36
82            android:label="@string/title_activity_main"
82-->src\main\AndroidManifest.xml:13:13-56
83            android:launchMode="singleTask"
83-->src\main\AndroidManifest.xml:15:13-44
84            android:theme="@style/AppTheme.NoActionBarLaunch" >
84-->src\main\AndroidManifest.xml:14:13-62
85            <intent-filter>
85-->src\main\AndroidManifest.xml:17:13-20:29
86                <action android:name="android.intent.action.MAIN" />
86-->src\main\AndroidManifest.xml:18:17-69
86-->src\main\AndroidManifest.xml:18:25-66
87
88                <category android:name="android.intent.category.LAUNCHER" />
88-->src\main\AndroidManifest.xml:19:17-77
88-->src\main\AndroidManifest.xml:19:27-74
89            </intent-filter>
90        </activity>
91
92        <provider
93            android:name="androidx.core.content.FileProvider"
93-->src\main\AndroidManifest.xml:24:13-62
94            android:authorities="com.juanesj2.lovewidget.fileprovider"
94-->src\main\AndroidManifest.xml:25:13-64
95            android:exported="false"
95-->src\main\AndroidManifest.xml:26:13-37
96            android:grantUriPermissions="true" >
96-->src\main\AndroidManifest.xml:27:13-47
97            <meta-data
97-->src\main\AndroidManifest.xml:28:13-112
98                android:name="android.support.FILE_PROVIDER_PATHS"
98-->src\main\AndroidManifest.xml:28:24-74
99                android:resource="@xml/file_paths" />
99-->src\main\AndroidManifest.xml:28:75-109
100        </provider>
101
102        <receiver
102-->src\main\AndroidManifest.xml:31:9-36:20
103            android:name="com.juanesj2.lovewidget.LoveWidgetProvider"
103-->src\main\AndroidManifest.xml:31:19-53
104            android:exported="true"
104-->src\main\AndroidManifest.xml:31:54-77
105            android:label="@string/widget_love_label" >
105-->src\main\AndroidManifest.xml:31:78-119
106            <intent-filter>
106-->src\main\AndroidManifest.xml:32:13-34:29
107                <action android:name="android.appwidget.action.APPWIDGET_UPDATE" />
107-->src\main\AndroidManifest.xml:33:17-84
107-->src\main\AndroidManifest.xml:33:25-81
108            </intent-filter>
109
110            <meta-data
110-->src\main\AndroidManifest.xml:35:13-104
111                android:name="android.appwidget.provider"
111-->src\main\AndroidManifest.xml:35:24-65
112                android:resource="@xml/widget_info" />
112-->src\main\AndroidManifest.xml:35:66-101
113        </receiver>
114        <receiver
114-->src\main\AndroidManifest.xml:38:9-43:20
115            android:name="com.juanesj2.lovewidget.Counter1x1WidgetProvider"
115-->src\main\AndroidManifest.xml:38:19-59
116            android:exported="true"
116-->src\main\AndroidManifest.xml:38:60-83
117            android:label="@string/widget_counter_1x1_label" >
117-->src\main\AndroidManifest.xml:38:84-132
118            <intent-filter>
118-->src\main\AndroidManifest.xml:32:13-34:29
119                <action android:name="android.appwidget.action.APPWIDGET_UPDATE" />
119-->src\main\AndroidManifest.xml:33:17-84
119-->src\main\AndroidManifest.xml:33:25-81
120            </intent-filter>
121
122            <meta-data
122-->src\main\AndroidManifest.xml:35:13-104
123                android:name="android.appwidget.provider"
123-->src\main\AndroidManifest.xml:35:24-65
124                android:resource="@xml/widget_counter_1x1_info" />
124-->src\main\AndroidManifest.xml:35:66-101
125        </receiver>
126        <receiver
126-->src\main\AndroidManifest.xml:45:9-50:20
127            android:name="com.juanesj2.lovewidget.CounterPhotoWidgetProvider"
127-->src\main\AndroidManifest.xml:45:19-61
128            android:exported="true"
128-->src\main\AndroidManifest.xml:45:62-85
129            android:label="@string/widget_counter_photo_label" >
129-->src\main\AndroidManifest.xml:45:86-136
130            <intent-filter>
130-->src\main\AndroidManifest.xml:32:13-34:29
131                <action android:name="android.appwidget.action.APPWIDGET_UPDATE" />
131-->src\main\AndroidManifest.xml:33:17-84
131-->src\main\AndroidManifest.xml:33:25-81
132            </intent-filter>
133
134            <meta-data
134-->src\main\AndroidManifest.xml:35:13-104
135                android:name="android.appwidget.provider"
135-->src\main\AndroidManifest.xml:35:24-65
136                android:resource="@xml/widget_counter_photo_info" />
136-->src\main\AndroidManifest.xml:35:66-101
137        </receiver>
138        <receiver
138-->src\main\AndroidManifest.xml:52:9-57:20
139            android:name="com.juanesj2.lovewidget.DailyPhotoWidgetProvider"
139-->src\main\AndroidManifest.xml:52:19-59
140            android:exported="true"
140-->src\main\AndroidManifest.xml:52:60-83
141            android:label="@string/widget_daily_photo_label" >
141-->src\main\AndroidManifest.xml:52:84-132
142            <intent-filter>
142-->src\main\AndroidManifest.xml:32:13-34:29
143                <action android:name="android.appwidget.action.APPWIDGET_UPDATE" />
143-->src\main\AndroidManifest.xml:33:17-84
143-->src\main\AndroidManifest.xml:33:25-81
144            </intent-filter>
145
146            <meta-data
146-->src\main\AndroidManifest.xml:35:13-104
147                android:name="android.appwidget.provider"
147-->src\main\AndroidManifest.xml:35:24-65
148                android:resource="@xml/widget_daily_photo_info" />
148-->src\main\AndroidManifest.xml:35:66-101
149        </receiver>
150        <receiver
150-->src\main\AndroidManifest.xml:59:9-65:20
151            android:name="com.juanesj2.lovewidget.PokeWidgetProvider"
151-->src\main\AndroidManifest.xml:59:19-53
152            android:exported="true"
152-->src\main\AndroidManifest.xml:59:54-77
153            android:label="@string/widget_poke_label" >
153-->src\main\AndroidManifest.xml:59:78-119
154            <intent-filter>
154-->src\main\AndroidManifest.xml:60:13-63:29
155                <action android:name="android.appwidget.action.APPWIDGET_UPDATE" />
155-->src\main\AndroidManifest.xml:33:17-84
155-->src\main\AndroidManifest.xml:33:25-81
156                <action android:name="com.juanesj2.lovewidget.ACTION_POKE" />
156-->src\main\AndroidManifest.xml:62:17-78
156-->src\main\AndroidManifest.xml:62:25-75
157            </intent-filter>
158
159            <meta-data
159-->src\main\AndroidManifest.xml:35:13-104
160                android:name="android.appwidget.provider"
160-->src\main\AndroidManifest.xml:35:24-65
161                android:resource="@xml/widget_poke_info" />
161-->src\main\AndroidManifest.xml:35:66-101
162        </receiver>
163
164        <!-- Background Geolocation Service -->
165        <service
165-->src\main\AndroidManifest.xml:68:9-71:56
166            android:name="com.equimaps.capacitor_background_geolocation.BackgroundGeolocationService"
166-->src\main\AndroidManifest.xml:69:13-102
167            android:enabled="true"
167-->[:capacitor-community-background-geolocation] AndroidManifest.xml:26:13-35
168            android:exported="true"
168-->src\main\AndroidManifest.xml:70:13-36
169            android:foregroundServiceType="location|location" />
169-->src\main\AndroidManifest.xml:71:13-53
170
171        <activity
171-->[:capacitor-browser] AndroidManifest.xml:14:9-18:75
172            android:name="com.capacitorjs.plugins.browser.BrowserControllerActivity"
172-->[:capacitor-browser] AndroidManifest.xml:15:13-85
173            android:exported="false"
173-->[:capacitor-browser] AndroidManifest.xml:16:13-37
174            android:launchMode="singleTask"
174-->[:capacitor-browser] AndroidManifest.xml:17:13-44
175            android:theme="@android:style/Theme.Translucent.NoTitleBar" />
175-->[:capacitor-browser] AndroidManifest.xml:18:13-72
176
177        <receiver android:name="com.capacitorjs.plugins.localnotifications.TimedNotificationPublisher" />
177-->[:capacitor-local-notifications] AndroidManifest.xml:12:9-106
177-->[:capacitor-local-notifications] AndroidManifest.xml:12:19-103
178        <receiver android:name="com.capacitorjs.plugins.localnotifications.NotificationDismissReceiver" />
178-->[:capacitor-local-notifications] AndroidManifest.xml:13:9-107
178-->[:capacitor-local-notifications] AndroidManifest.xml:13:19-104
179        <receiver
179-->[:capacitor-local-notifications] AndroidManifest.xml:14:9-23:20
180            android:name="com.capacitorjs.plugins.localnotifications.LocalNotificationRestoreReceiver"
180-->[:capacitor-local-notifications] AndroidManifest.xml:15:13-103
181            android:directBootAware="true"
181-->[:capacitor-local-notifications] AndroidManifest.xml:16:13-43
182            android:exported="false" >
182-->[:capacitor-local-notifications] AndroidManifest.xml:17:13-37
183            <intent-filter>
183-->[:capacitor-local-notifications] AndroidManifest.xml:18:13-22:29
184                <action android:name="android.intent.action.LOCKED_BOOT_COMPLETED" />
184-->[:capacitor-local-notifications] AndroidManifest.xml:19:17-86
184-->[:capacitor-local-notifications] AndroidManifest.xml:19:25-83
185                <action android:name="android.intent.action.BOOT_COMPLETED" />
185-->[:capacitor-local-notifications] AndroidManifest.xml:20:17-79
185-->[:capacitor-local-notifications] AndroidManifest.xml:20:25-76
186                <action android:name="android.intent.action.QUICKBOOT_POWERON" />
186-->[:capacitor-local-notifications] AndroidManifest.xml:21:17-82
186-->[:capacitor-local-notifications] AndroidManifest.xml:21:25-79
187            </intent-filter>
188        </receiver>
189
190        <service
190-->[:capacitor-push-notifications] AndroidManifest.xml:8:9-14:19
191            android:name="com.capacitorjs.plugins.pushnotifications.MessagingService"
191-->[:capacitor-push-notifications] AndroidManifest.xml:9:13-86
192            android:exported="false" >
192-->[:capacitor-push-notifications] AndroidManifest.xml:10:13-37
193            <intent-filter>
193-->[:capacitor-push-notifications] AndroidManifest.xml:11:13-13:29
194                <action android:name="com.google.firebase.MESSAGING_EVENT" />
194-->[:capacitor-push-notifications] AndroidManifest.xml:12:17-78
194-->[:capacitor-push-notifications] AndroidManifest.xml:12:25-75
195            </intent-filter>
196        </service>
197
198        <activity
198-->[io.ionic.libs:ioncamera-android:1.0.1] AndroidManifest.xml:9:9-11:86
199            android:name="io.ionic.libs.ioncameralib.view.IONCAMRLoadingActivity"
199-->[io.ionic.libs:ioncamera-android:1.0.1] AndroidManifest.xml:10:13-82
200            android:theme="@android:style/Theme.Translucent.NoTitleBar.Fullscreen" />
200-->[io.ionic.libs:ioncamera-android:1.0.1] AndroidManifest.xml:11:13-83
201        <activity
201-->[io.ionic.libs:ioncamera-android:1.0.1] AndroidManifest.xml:12:9-16:36
202            android:name="io.ionic.libs.ioncameralib.view.IONCAMRImageEditorActivity"
202-->[io.ionic.libs:ioncamera-android:1.0.1] AndroidManifest.xml:13:13-86
203            android:enableOnBackInvokedCallback="true"
203-->[io.ionic.libs:ioncamera-android:1.0.1] AndroidManifest.xml:14:13-55
204            android:theme="@android:style/Theme.Black.NoTitleBar" />
204-->[io.ionic.libs:ioncamera-android:1.0.1] AndroidManifest.xml:15:13-66
205        <activity
205-->[io.ionic.libs:ioncamera-android:1.0.1] AndroidManifest.xml:17:9-20:86
206            android:name="io.ionic.libs.ioncameralib.view.IONCAMROpenPhotoPickerActivity"
206-->[io.ionic.libs:ioncamera-android:1.0.1] AndroidManifest.xml:18:13-90
207            android:exported="false"
207-->[io.ionic.libs:ioncamera-android:1.0.1] AndroidManifest.xml:19:13-37
208            android:theme="@android:style/Theme.Translucent.NoTitleBar.Fullscreen" /> <!-- Trigger Google Play services to install the backported photo picker module. -->
208-->[io.ionic.libs:ioncamera-android:1.0.1] AndroidManifest.xml:20:13-83
209        <service
209-->[io.ionic.libs:ioncamera-android:1.0.1] AndroidManifest.xml:22:9-34:19
210            android:name="com.google.android.gms.metadata.ModuleDependencies"
210-->[io.ionic.libs:ioncamera-android:1.0.1] AndroidManifest.xml:23:13-78
211            android:enabled="false"
211-->[io.ionic.libs:ioncamera-android:1.0.1] AndroidManifest.xml:24:13-36
212            android:exported="false" >
212-->[io.ionic.libs:ioncamera-android:1.0.1] AndroidManifest.xml:25:13-37
213            <intent-filter>
213-->[io.ionic.libs:ioncamera-android:1.0.1] AndroidManifest.xml:27:13-29:29
214                <action android:name="com.google.android.gms.metadata.MODULE_DEPENDENCIES" />
214-->[io.ionic.libs:ioncamera-android:1.0.1] AndroidManifest.xml:28:17-94
214-->[io.ionic.libs:ioncamera-android:1.0.1] AndroidManifest.xml:28:25-91
215            </intent-filter>
216
217            <meta-data
217-->[io.ionic.libs:ioncamera-android:1.0.1] AndroidManifest.xml:31:13-33:36
218                android:name="photopicker_activity:0:required"
218-->[io.ionic.libs:ioncamera-android:1.0.1] AndroidManifest.xml:32:17-63
219                android:value="" />
219-->[io.ionic.libs:ioncamera-android:1.0.1] AndroidManifest.xml:33:17-33
220        </service>
221
222        <provider
222-->[io.ionic.libs:ioncamera-android:1.0.1] AndroidManifest.xml:36:9-44:20
223            android:name="io.ionic.libs.ioncameralib.IONCAMRFileProvider"
223-->[io.ionic.libs:ioncamera-android:1.0.1] AndroidManifest.xml:37:13-74
224            android:authorities="com.juanesj2.lovewidget.camera.provider"
224-->[io.ionic.libs:ioncamera-android:1.0.1] AndroidManifest.xml:38:13-67
225            android:exported="false"
225-->[io.ionic.libs:ioncamera-android:1.0.1] AndroidManifest.xml:39:13-37
226            android:grantUriPermissions="true" >
226-->[io.ionic.libs:ioncamera-android:1.0.1] AndroidManifest.xml:40:13-47
227            <meta-data
227-->src\main\AndroidManifest.xml:28:13-112
228                android:name="android.support.FILE_PROVIDER_PATHS"
228-->src\main\AndroidManifest.xml:28:24-74
229                android:resource="@xml/ioncamera_paths" />
229-->src\main\AndroidManifest.xml:28:75-109
230        </provider>
231
232        <service
232-->[androidx.credentials:credentials-play-services-auth:1.5.0] AndroidManifest.xml:24:9-32:19
233            android:name="androidx.credentials.playservices.CredentialProviderMetadataHolder"
233-->[androidx.credentials:credentials-play-services-auth:1.5.0] AndroidManifest.xml:25:13-94
234            android:enabled="true"
234-->[androidx.credentials:credentials-play-services-auth:1.5.0] AndroidManifest.xml:26:13-35
235            android:exported="false" >
235-->[androidx.credentials:credentials-play-services-auth:1.5.0] AndroidManifest.xml:27:13-37
236            <meta-data
236-->[androidx.credentials:credentials-play-services-auth:1.5.0] AndroidManifest.xml:29:13-31:104
237                android:name="androidx.credentials.CREDENTIAL_PROVIDER_KEY"
237-->[androidx.credentials:credentials-play-services-auth:1.5.0] AndroidManifest.xml:30:17-76
238                android:value="androidx.credentials.playservices.CredentialProviderPlayServicesImpl" />
238-->[androidx.credentials:credentials-play-services-auth:1.5.0] AndroidManifest.xml:31:17-101
239        </service>
240
241        <activity
241-->[androidx.credentials:credentials-play-services-auth:1.5.0] AndroidManifest.xml:34:9-41:20
242            android:name="androidx.credentials.playservices.HiddenActivity"
242-->[androidx.credentials:credentials-play-services-auth:1.5.0] AndroidManifest.xml:35:13-76
243            android:configChanges="orientation|screenSize|screenLayout|keyboardHidden"
243-->[androidx.credentials:credentials-play-services-auth:1.5.0] AndroidManifest.xml:36:13-87
244            android:enabled="true"
244-->[androidx.credentials:credentials-play-services-auth:1.5.0] AndroidManifest.xml:37:13-35
245            android:exported="false"
245-->[androidx.credentials:credentials-play-services-auth:1.5.0] AndroidManifest.xml:38:13-37
246            android:fitsSystemWindows="true"
246-->[androidx.credentials:credentials-play-services-auth:1.5.0] AndroidManifest.xml:39:13-45
247            android:theme="@style/Theme.Hidden" >
247-->[androidx.credentials:credentials-play-services-auth:1.5.0] AndroidManifest.xml:40:13-48
248        </activity>
249        <activity
249-->[androidx.credentials:credentials-play-services-auth:1.5.0] AndroidManifest.xml:42:9-49:20
250            android:name="androidx.credentials.playservices.IdentityCredentialApiHiddenActivity"
250-->[androidx.credentials:credentials-play-services-auth:1.5.0] AndroidManifest.xml:43:13-97
251            android:configChanges="orientation|screenSize|screenLayout|keyboardHidden"
251-->[androidx.credentials:credentials-play-services-auth:1.5.0] AndroidManifest.xml:44:13-87
252            android:enabled="true"
252-->[androidx.credentials:credentials-play-services-auth:1.5.0] AndroidManifest.xml:45:13-35
253            android:exported="false"
253-->[androidx.credentials:credentials-play-services-auth:1.5.0] AndroidManifest.xml:46:13-37
254            android:fitsSystemWindows="true"
254-->[androidx.credentials:credentials-play-services-auth:1.5.0] AndroidManifest.xml:47:13-45
255            android:theme="@style/Theme.Hidden" >
255-->[androidx.credentials:credentials-play-services-auth:1.5.0] AndroidManifest.xml:48:13-48
256        </activity>
257
258        <provider
258-->[androidx.work:work-runtime:2.9.0] AndroidManifest.xml:29:9-37:20
259            android:name="androidx.startup.InitializationProvider"
259-->[androidx.work:work-runtime:2.9.0] AndroidManifest.xml:30:13-67
260            android:authorities="com.juanesj2.lovewidget.androidx-startup"
260-->[androidx.work:work-runtime:2.9.0] AndroidManifest.xml:31:13-68
261            android:exported="false" >
261-->[androidx.work:work-runtime:2.9.0] AndroidManifest.xml:32:13-37
262            <meta-data
262-->[androidx.work:work-runtime:2.9.0] AndroidManifest.xml:34:13-36:52
263                android:name="androidx.work.WorkManagerInitializer"
263-->[androidx.work:work-runtime:2.9.0] AndroidManifest.xml:35:17-68
264                android:value="androidx.startup" />
264-->[androidx.work:work-runtime:2.9.0] AndroidManifest.xml:36:17-49
265            <meta-data
265-->[androidx.emoji2:emoji2:1.3.0] AndroidManifest.xml:29:13-31:52
266                android:name="androidx.emoji2.text.EmojiCompatInitializer"
266-->[androidx.emoji2:emoji2:1.3.0] AndroidManifest.xml:30:17-75
267                android:value="androidx.startup" />
267-->[androidx.emoji2:emoji2:1.3.0] AndroidManifest.xml:31:17-49
268            <meta-data
268-->[androidx.lifecycle:lifecycle-process:2.6.2] AndroidManifest.xml:29:13-31:52
269                android:name="androidx.lifecycle.ProcessLifecycleInitializer"
269-->[androidx.lifecycle:lifecycle-process:2.6.2] AndroidManifest.xml:30:17-78
270                android:value="androidx.startup" />
270-->[androidx.lifecycle:lifecycle-process:2.6.2] AndroidManifest.xml:31:17-49
271            <meta-data
271-->[androidx.profileinstaller:profileinstaller:1.4.0] AndroidManifest.xml:29:13-31:52
272                android:name="androidx.profileinstaller.ProfileInstallerInitializer"
272-->[androidx.profileinstaller:profileinstaller:1.4.0] AndroidManifest.xml:30:17-85
273                android:value="androidx.startup" />
273-->[androidx.profileinstaller:profileinstaller:1.4.0] AndroidManifest.xml:31:17-49
274        </provider>
275
276        <service
276-->[androidx.work:work-runtime:2.9.0] AndroidManifest.xml:39:9-45:35
277            android:name="androidx.work.impl.background.systemalarm.SystemAlarmService"
277-->[androidx.work:work-runtime:2.9.0] AndroidManifest.xml:40:13-88
278            android:directBootAware="false"
278-->[androidx.work:work-runtime:2.9.0] AndroidManifest.xml:41:13-44
279            android:enabled="@bool/enable_system_alarm_service_default"
279-->[androidx.work:work-runtime:2.9.0] AndroidManifest.xml:42:13-72
280            android:exported="false" />
280-->[androidx.work:work-runtime:2.9.0] AndroidManifest.xml:43:13-37
281        <service
281-->[androidx.work:work-runtime:2.9.0] AndroidManifest.xml:46:9-52:35
282            android:name="androidx.work.impl.background.systemjob.SystemJobService"
282-->[androidx.work:work-runtime:2.9.0] AndroidManifest.xml:47:13-84
283            android:directBootAware="false"
283-->[androidx.work:work-runtime:2.9.0] AndroidManifest.xml:48:13-44
284            android:enabled="@bool/enable_system_job_service_default"
284-->[androidx.work:work-runtime:2.9.0] AndroidManifest.xml:49:13-70
285            android:exported="true"
285-->[androidx.work:work-runtime:2.9.0] AndroidManifest.xml:50:13-36
286            android:permission="android.permission.BIND_JOB_SERVICE" />
286-->[androidx.work:work-runtime:2.9.0] AndroidManifest.xml:51:13-69
287        <service
287-->[androidx.work:work-runtime:2.9.0] AndroidManifest.xml:53:9-59:35
288            android:name="androidx.work.impl.foreground.SystemForegroundService"
288-->[androidx.work:work-runtime:2.9.0] AndroidManifest.xml:54:13-81
289            android:directBootAware="false"
289-->[androidx.work:work-runtime:2.9.0] AndroidManifest.xml:55:13-44
290            android:enabled="@bool/enable_system_foreground_service_default"
290-->[androidx.work:work-runtime:2.9.0] AndroidManifest.xml:56:13-77
291            android:exported="false" />
291-->[androidx.work:work-runtime:2.9.0] AndroidManifest.xml:57:13-37
292
293        <receiver
293-->[androidx.work:work-runtime:2.9.0] AndroidManifest.xml:61:9-66:35
294            android:name="androidx.work.impl.utils.ForceStopRunnable$BroadcastReceiver"